unityLibrary - 複製/build/intermediates/manifest_merge_blame_file/debug/processDebugManifest/manifest-merger-blame-debug-report.txt
1<?xml version="1.0" encoding="utf-8"?>
2<manifest xmlns:android="http://schemas.android.com/apk/res/android"
3    xmlns:tools="http://schemas.android.com/tools"
4    package="com.unity3d.player" >
5
6    <uses-sdk android:minSdkVersion="24" />
7
8    <uses-feature android:glEsVersion="0x00030000" />
8-->src\main\AndroidManifest.xml:3:3-52
8-->src\main\AndroidManifest.xml:3:17-49
9    <uses-feature
9-->src\main\AndroidManifest.xml:4:3-91
10        android:name="android.hardware.vulkan.version"
10-->src\main\AndroidManifest.xml:4:17-63
11        android:required="false" />
11-->src\main\AndroidManifest.xml:4:64-88
12    <uses-feature
12-->src\main\AndroidManifest.xml:5:3-88
13        android:name="android.hardware.touchscreen"
13-->src\main\AndroidManifest.xml:5:17-60
14        android:required="false" />
14-->src\main\AndroidManifest.xml:5:61-85
15    <uses-feature
15-->src\main\AndroidManifest.xml:6:3-99
16        android:name="android.hardware.touchscreen.multitouch"
16-->src\main\AndroidManifest.xml:6:17-71
17        android:required="false" />
17-->src\main\AndroidManifest.xml:6:72-96
18    <uses-feature
18-->src\main\AndroidManifest.xml:7:3-108
19        android:name="android.hardware.touchscreen.multitouch.distinct"
19-->src\main\AndroidManifest.xml:7:17-80
20        android:required="false" />
20-->src\main\AndroidManifest.xml:7:81-105
21
22    <application android:extractNativeLibs="true" >
22-->src\main\AndroidManifest.xml:8:3-20:17
22-->src\main\AndroidManifest.xml:8:16-48
23        <meta-data
23-->src\main\AndroidManifest.xml:9:5-69
24            android:name="unity.splash-mode"
24-->src\main\AndroidManifest.xml:9:16-48
25            android:value="0" />
25-->src\main\AndroidManifest.xml:9:49-66
26        <meta-data
26-->src\main\AndroidManifest.xml:10:5-74
27            android:name="unity.splash-enable"
27-->src\main\AndroidManifest.xml:10:16-50
28            android:value="True" />
28-->src\main\AndroidManifest.xml:10:51-71
29        <meta-data
29-->src\main\AndroidManifest.xml:11:5-78
30            android:name="unity.launch-fullscreen"
30-->src\main\AndroidManifest.xml:11:16-54
31            android:value="True" />
31-->src\main\AndroidManifest.xml:11:55-75
32        <meta-data
32-->src\main\AndroidManifest.xml:12:5-84
33            android:name="unity.render-outside-safearea"
33-->src\main\AndroidManifest.xml:12:16-60
34            android:value="True" />
34-->src\main\AndroidManifest.xml:12:61-81
35        <meta-data
35-->src\main\AndroidManifest.xml:13:5-81
36            android:name="notch.config"
36-->src\main\AndroidManifest.xml:13:16-43
37            android:value="portrait|landscape" />
37-->src\main\AndroidManifest.xml:13:44-78
38        <meta-data
38-->src\main\AndroidManifest.xml:14:5-84
39            android:name="unity.auto-report-fully-drawn"
39-->src\main\AndroidManifest.xml:14:16-60
40            android:value="true" />
40-->src\main\AndroidManifest.xml:14:61-81
41
42        <activity
42-->src\main\AndroidManifest.xml:15:5-19:16
43            android:name="com.unity3d.player.UnityPlayerActivity"
43-->src\main\AndroidManifest.xml:15:15-68
44            android:configChanges="mcc|mnc|locale|touchscreen|keyboard|keyboardHidden|navigation|orientation|screenLayout|uiMode|screenSize|smallestScreenSize|fontScale|layoutDirection|density"
44-->src\main\AndroidManifest.xml:15:180-361
45            android:exported="true"
45-->src\main\AndroidManifest.xml:15:433-456
46            android:hardwareAccelerated="false"
46-->src\main\AndroidManifest.xml:15:397-432
47            android:launchMode="singleTask"
47-->src\main\AndroidManifest.xml:15:148-179
48            android:resizeableActivity="false"
48-->src\main\AndroidManifest.xml:15:362-396
49            android:screenOrientation="fullUser"
49-->src\main\AndroidManifest.xml:15:111-147
50            android:theme="@style/UnityThemeSelector" >
50-->src\main\AndroidManifest.xml:15:69-110
51            <meta-data
51-->src\main\AndroidManifest.xml:17:7-82
52                android:name="unityplayer.UnityActivity"
52-->src\main\AndroidManifest.xml:17:18-58
53                android:value="true" />
53-->src\main\AndroidManifest.xml:17:59-79
54            <meta-data
54-->src\main\AndroidManifest.xml:18:7-70
55                android:name="notch_support"
55-->src\main\AndroidManifest.xml:18:18-46
56                android:value="true" />
56-->src\main\AndroidManifest.xml:18:47-67
57        </activity>
58    </application>
59
60</manifest>